<?xml version="1.0" encoding="UTF-8"?>
<testng-results ignored="0" total="0" passed="0" failed="0" skipped="0">
  <reporter-output>
  </reporter-output>
  <suite started-at="2022-05-18T04:53:27 UTC" name="Surefire suite" finished-at="2022-05-18T04:53:32 UTC" duration-ms="4740">
    <groups>
    </groups>
    <test started-at="2022-05-18T04:53:27 UTC" name="Surefire test" finished-at="2022-05-18T04:53:32 UTC" duration-ms="4740">
    </test> <!-- Surefire test -->
  </suite> <!-- Surefire suite -->
</testng-results>
