<?xml version="1.0" encoding="UTF-8"?>
<testsuite xmlns:xsi="http://www.w3.org/2001/XMLSchema-instance" xsi:noNamespaceSchemaLocation="https://maven.apache.org/surefire/maven-surefire-plugin/xsd/surefire-test-report.xsd" name="TestUtil.RunnerTest" time="8.565" tests="4" errors="0" skipped="0" failures="0">
  <properties>
[...]
</properties>
  <testcase name="Verify addition subtraction multiplication and division works in calculator app #1" classname="debug" time="5.125"/>
  <testcase name="Verify addition subtraction multiplication and division works in calculator app #2" classname="debug" time="0.99"/>
  <testcase name="Verify addition subtraction multiplication and division works in calculator app #3" classname="debug" time="0.905"/>
  <testcase name="Verify addition subtraction multiplication and division works in calculator app #4" classname="debug" time="0.876"/>
</testsuite>