<?xml version="1.0" encoding="UTF-8"?>
<testng-results ignored="0" total="7" passed="7" failed="0" skipped="0">
  <reporter-output>
  </reporter-output>
  <suite started-at="2022-05-18T04:53:18 UTC" name="Surefire suite" finished-at="2022-05-18T04:53:27 UTC" duration-ms="8631">
    <groups>
      <group name="cucumber">
        <method signature="AbstractTestNGCucumberTests.runScenario(io.cucumber.testng.PickleWrapper,io.cucumber.testng.FeatureWrapper)[pri:0, instance:TestUtil.TestNGRunnerTest@2aa3cd93]" name="runScenario" class="io.cucumber.testng.AbstractTestNGCucumberTests"/>
      </group> <!-- cucumber -->
    </groups>
    <test started-at="2022-05-18T04:53:18 UTC" name="Surefire test" finished-at="2022-05-18T04:53:27 UTC" duration-ms="8631">
      <class name="TestUtil.TestNGRunnerTest">
        <test-method is-config="true" signature="setUpClass(org.testng.ITestContext)[pri:0, instance:TestUtil.TestNGRunnerTest@2aa3cd93]" started-at="2022-05-18T04:53:18 UTC" name="setUpClass" finished-at="2022-05-18T04:53:19 UTC" duration-ms="581" status="PASS">
          <params>
            <param index="0">
              <value>
                <![CDATA[org.testng.TestRunner@2dbf4cbd]]>
              </value>
            </param>
          </params>
          <reporter-output>
          </reporter-output>
        </test-method> <!-- setUpClass -->
        <test-method signature="runScenario(io.cucumber.testng.PickleWrapper,io.cucumber.testng.FeatureWrapper)[pri:0, instance:TestUtil.TestNGRunnerTest@2aa3cd93]" started-at="2022-05-18T04:53:19 UTC" name="runScenario" description="Runs Cucumber Scenarios" data-provider="scenarios" finished-at="2022-05-18T04:53:22 UTC" duration-ms="3615" status="PASS">
          <params>
            <param index="0">
              <value>
                <![CDATA["Verify title of the sauce labs demo app"]]>
              </value>
            </param>
            <param index="1">
              <value>
                <![CDATA["debug"]]>
              </value>
            </param>
          </params>
          <reporter-output>
          </reporter-output>
        </test-method> <!-- runScenario -->
        <test-method signature="runScenario(io.cucumber.testng.PickleWrapper,io.cucumber.testng.FeatureWrapper)[pri:0, instance:TestUtil.TestNGRunnerTest@2aa3cd93]" started-at="2022-05-18T04:53:19 UTC" name="runScenario" description="Runs Cucumber Scenarios" data-provider="scenarios" finished-at="2022-05-18T04:53:22 UTC" duration-ms="3603" status="PASS">
          <params>
            <param index="0">
              <value>
                <![CDATA["Verify title of the sauce labs demo app"]]>
              </value>
            </param>
            <param index="1">
              <value>
                <![CDATA["debug"]]>
              </value>
            </param>
          </params>
          <reporter-output>
          </reporter-output>
        </test-method> <!-- runScenario -->
        <test-method signature="runScenario(io.cucumber.testng.PickleWrapper,io.cucumber.testng.FeatureWrapper)[pri:0, instance:TestUtil.TestNGRunnerTest@2aa3cd93]" started-at="2022-05-18T04:53:22 UTC" name="runScenario" description="Runs Cucumber Scenarios" data-provider="scenarios" finished-at="2022-05-18T04:53:23 UTC" duration-ms="938" status="PASS">
          <params>
            <param index="0">
              <value>
                <![CDATA["Verify title of the sauce labs demo app"]]>
              </value>
            </param>
            <param index="1">
              <value>
                <![CDATA["debug"]]>
              </value>
            </param>
          </params>
          <reporter-output>
          </reporter-output>
        </test-method> <!-- runScenario -->
        <test-method signature="runScenario(io.cucumber.testng.PickleWrapper,io.cucumber.testng.FeatureWrapper)[pri:0, instance:TestUtil.TestNGRunnerTest@2aa3cd93]" started-at="2022-05-18T04:53:22 UTC" name="runScenario" description="Runs Cucumber Scenarios" data-provider="scenarios" finished-at="2022-05-18T04:53:23 UTC" duration-ms="1025" status="PASS">
          <params>
            <param index="0">
              <value>
                <![CDATA["Verify title of the sauce labs demo app"]]>
              </value>
            </param>
            <param index="1">
              <value>
                <![CDATA["debug"]]>
              </value>
            </param>
          </params>
          <reporter-output>
          </reporter-output>
        </test-method> <!-- runScenario -->
        <test-method signature="runScenario(io.cucumber.testng.PickleWrapper,io.cucumber.testng.FeatureWrapper)[pri:0, instance:TestUtil.TestNGRunnerTest@2aa3cd93]" started-at="2022-05-18T04:53:23 UTC" name="runScenario" description="Runs Cucumber Scenarios" data-provider="scenarios" finished-at="2022-05-18T04:53:24 UTC" duration-ms="788" status="PASS">
          <params>
            <param index="0">
              <value>
                <![CDATA["Verify title of the sauce labs demo app"]]>
              </value>
            </param>
            <param index="1">
              <value>
                <![CDATA["debug"]]>
              </value>
            </param>
          </params>
          <reporter-output>
          </reporter-output>
        </test-method> <!-- runScenario -->
        <test-method signature="runScenario(io.cucumber.testng.PickleWrapper,io.cucumber.testng.FeatureWrapper)[pri:0, instance:TestUtil.TestNGRunnerTest@2aa3cd93]" started-at="2022-05-18T04:53:23 UTC" name="runScenario" description="Runs Cucumber Scenarios" data-provider="scenarios" finished-at="2022-05-18T04:53:24 UTC" duration-ms="832" status="PASS">
          <params>
            <param index="0">
              <value>
                <![CDATA["Verify title of the sauce labs demo app"]]>
              </value>
            </param>
            <param index="1">
              <value>
                <![CDATA["debug"]]>
              </value>
            </param>
          </params>
          <reporter-output>
          </reporter-output>
        </test-method> <!-- runScenario -->
        <test-method signature="runScenario(io.cucumber.testng.PickleWrapper,io.cucumber.testng.FeatureWrapper)[pri:0, instance:TestUtil.TestNGRunnerTest@2aa3cd93]" started-at="2022-05-18T04:53:24 UTC" name="runScenario" description="Runs Cucumber Scenarios" data-provider="scenarios" finished-at="2022-05-18T04:53:25 UTC" duration-ms="1051" status="PASS">
          <params>
            <param index="0">
              <value>
                <![CDATA["Login to SwagLabs"]]>
              </value>
            </param>
            <param index="1">
              <value>
                <![CDATA["Login"]]>
              </value>
            </param>
          </params>
          <reporter-output>
          </reporter-output>
        </test-method> <!-- runScenario -->
        <test-method is-config="true" signature="tearDownClass()[pri:0, instance:TestUtil.TestNGRunnerTest@2aa3cd93]" started-at="2022-05-18T04:53:25 UTC" name="tearDownClass" finished-at="2022-05-18T04:53:27 UTC" duration-ms="1628" status="PASS">
          <reporter-output>
          </reporter-output>
        </test-method> <!-- tearDownClass -->
      </class> <!-- TestUtil.TestNGRunnerTest -->
    </test> <!-- Surefire test -->
  </suite> <!-- Surefire suite -->
</testng-results>
